{"level":"info","message":"Express server running","service":"user-service","timestamp":"2025-04-26T17:25:16.610Z"}
{"level":"info","message":"Express server running","service":"user-service","timestamp":"2025-04-26T17:57:45.794Z"}
{"level":"info","message":"Express server running","service":"user-service","timestamp":"2025-04-26T18:05:15.241Z"}
{"level":"info","message":"Express server running","service":"user-service","timestamp":"2025-04-26T18:09:03.875Z"}
{"level":"info","message":"Express server running","service":"user-service","timestamp":"2025-04-26T18:12:24.738Z"}
{"level":"info","message":"Express server running","service":"user-service","timestamp":"2025-04-26T18:20:17.885Z"}
{"level":"info","message":"Express server running","service":"user-service","timestamp":"2025-04-26T18:22:13.520Z"}
{"level":"info","message":"Express server running","service":"user-service","timestamp":"2025-04-29T16:03:53.128Z"}
{"level":"info","message":"Express server running","service":"user-service","timestamp":"2025-04-29T16:07:27.005Z"}
{"level":"info","message":"Express server running","service":"user-service","timestamp":"2025-04-29T16:40:14.856Z"}
{"level":"info","message":"Express server running","service":"user-service","timestamp":"2025-04-29T16:42:06.270Z"}
{"level":"info","message":"Express server running","service":"user-service","timestamp":"2025-04-29T16:47:26.412Z"}
{"level":"info","message":"Express server running","service":"user-service","timestamp":"2025-04-29T17:08:23.877Z"}
{"level":"info","message":"Express server running","service":"user-service","timestamp":"2025-04-29T17:15:48.300Z"}
{"level":"info","message":"Express server running","service":"user-service","timestamp":"2025-04-29T17:17:06.965Z"}
{"level":"info","message":"Express server running","service":"user-service","timestamp":"2025-04-29T18:04:52.380Z"}
{"level":"info","message":"Express server running","service":"user-service","timestamp":"2025-04-29T19:56:03.491Z"}
{"level":"info","message":"Express server running","service":"user-service","timestamp":"2025-05-01T16:26:56.929Z"}
{"level":"info","message":"Express server running","service":"user-service","timestamp":"2025-05-01T16:29:34.839Z"}
{"level":"info","message":"Express server running","service":"user-service","timestamp":"2025-05-01T16:32:21.041Z"}
{"level":"info","message":"Express server running","service":"user-service","timestamp":"2025-05-01T17:03:59.712Z"}
{"level":"info","message":"Express server running","service":"user-service","timestamp":"2025-05-01T17:11:57.982Z"}
{"level":"info","message":"Express server running","service":"user-service","timestamp":"2025-05-01T17:14:25.229Z"}
{"level":"info","message":"Express server running","service":"user-service","timestamp":"2025-05-01T19:42:27.691Z"}
{"level":"info","message":"Express server running","service":"user-service","timestamp":"2025-05-01T19:43:56.658Z"}
{"level":"info","message":"Express server running","service":"user-service","timestamp":"2025-05-01T19:44:39.235Z"}
{"level":"info","message":"Express server running","service":"user-service","timestamp":"2025-05-01T20:22:08.621Z"}
{"level":"info","message":"Express server running","service":"user-service","timestamp":"2025-05-01T20:26:40.202Z"}
{"level":"info","message":"Express server running","service":"user-service","timestamp":"2025-05-01T20:27:37.501Z"}
{"level":"info","message":"Express server running","service":"user-service","timestamp":"2025-05-02T14:39:59.052Z"}
{"level":"info","message":"Express server running","service":"user-service","timestamp":"2025-05-02T14:59:56.748Z"}
{"level":"error","message":"failed to start Express Server","service":"user-service","timestamp":"2025-05-02T15:05:31.637Z"}
{"level":"info","message":"Express server running","service":"user-service","timestamp":"2025-05-02T15:05:31.658Z"}
{"level":"info","message":"Express server running","service":"user-service","timestamp":"2025-05-02T15:07:41.100Z"}
{"level":"error","message":"failed to start Express Server","service":"user-service","timestamp":"2025-05-02T15:25:11.378Z"}
{"level":"info","message":"Express server running","service":"user-service","timestamp":"2025-05-02T15:25:11.397Z"}
{"level":"info","message":"Express server running","service":"user-service","timestamp":"2025-05-02T15:27:05.257Z"}
{"level":"info","message":"Express server running","service":"user-service","timestamp":"2025-05-02T15:38:43.403Z"}
{"level":"info","message":"Express server running","service":"user-service","timestamp":"2025-05-02T15:40:33.128Z"}
{"level":"info","message":"Express server running","service":"user-service","timestamp":"2025-05-02T15:56:05.614Z"}
{"level":"info","message":"Express server running","service":"user-service","timestamp":"2025-05-02T15:59:41.341Z"}
{"level":"info","message":"Express server running","service":"user-service","timestamp":"2025-05-02T16:05:52.539Z"}
{"level":"info","message":"Express server running","service":"user-service","timestamp":"2025-05-02T16:06:38.377Z"}
{"level":"info","message":"Express server running","service":"user-service","timestamp":"2025-05-02T16:08:18.456Z"}
{"level":"info","message":"Express server running","service":"user-service","timestamp":"2025-05-02T16:12:56.334Z"}
{"level":"info","message":"Express server running","service":"user-service","timestamp":"2025-05-02T16:15:57.632Z"}
{"level":"info","message":"Express server running","service":"user-service","timestamp":"2025-05-02T16:34:55.297Z"}
{"level":"info","message":"Express server running","service":"user-service","timestamp":"2025-05-02T16:40:10.946Z"}
{"level":"info","message":"Express server running","service":"user-service","timestamp":"2025-05-02T16:40:50.128Z"}
{"level":"info","message":"Express server running","service":"user-service","timestamp":"2025-05-02T16:43:51.442Z"}
{"level":"info","message":"Express server running","service":"user-service","timestamp":"2025-05-02T16:55:25.808Z"}
{"level":"info","message":"Express server running","service":"user-service","timestamp":"2025-05-02T17:02:17.264Z"}
{"level":"info","message":"Express server running","service":"user-service","timestamp":"2025-05-02T17:06:20.092Z"}
{"level":"info","message":"Express server running","service":"user-service","timestamp":"2025-05-02T17:07:43.354Z"}
{"level":"info","message":"Express server running","service":"user-service","timestamp":"2025-05-02T17:09:46.395Z"}
{"level":"info","message":"Express server running","service":"user-service","timestamp":"2025-05-03T10:27:24.243Z"}
{"level":"error","message":"Error saving log to database","service":"user-service","timestamp":"2025-05-03T10:27:38.092Z"}
{"level":"info","message":"Express server running","service":"user-service","timestamp":"2025-05-03T10:51:11.281Z"}
{"level":"info","message":"Express server running","service":"user-service","timestamp":"2025-05-03T10:54:28.759Z"}
{"level":"info","message":"Express server running","service":"user-service","timestamp":"2025-05-03T11:04:08.162Z"}
{"level":"info","message":"Express server running","service":"user-service","timestamp":"2025-05-03T11:05:23.107Z"}
{"level":"info","message":"Express server running","service":"user-service","timestamp":"2025-05-03T11:05:44.929Z"}
{"level":"info","message":"Express server running","service":"user-service","timestamp":"2025-05-03T11:21:57.559Z"}
{"level":"info","message":"Express server running","service":"user-service","timestamp":"2025-05-03T11:25:04.706Z"}
{"level":"info","message":"Express server running","service":"user-service","timestamp":"2025-05-03T11:33:18.193Z"}
{"level":"info","message":"Express server running","service":"user-service","timestamp":"2025-05-03T11:34:52.372Z"}
{"level":"info","message":"Express server running","service":"user-service","timestamp":"2025-05-03T11:38:48.664Z"}
{"level":"info","message":"Express server running","service":"user-service","timestamp":"2025-05-03T11:41:59.266Z"}
{"level":"info","message":"Express server running","service":"user-service","timestamp":"2025-05-03T11:44:53.345Z"}
{"level":"info","message":"Express server running","service":"user-service","timestamp":"2025-05-03T12:14:15.785Z"}
{"level":"info","message":"Express server running","service":"user-service","timestamp":"2025-05-03T12:17:37.841Z"}
{"level":"info","message":"Express server running","service":"user-service","timestamp":"2025-05-03T12:23:27.669Z"}
{"level":"info","message":"Express server running","service":"user-service","timestamp":"2025-05-03T12:31:00.475Z"}
{"level":"info","message":"Express server running","service":"user-service","timestamp":"2025-05-03T12:33:56.683Z"}
{"level":"info","message":"Express server running","service":"user-service","timestamp":"2025-05-03T12:42:31.650Z"}
{"level":"info","message":"Express server running","service":"user-service","timestamp":"2025-05-03T12:51:13.141Z"}
{"level":"error","message":"Error buscando en MongoDB","service":"user-service","timestamp":"2025-05-03T12:51:16.722Z"}
{"level":"info","message":"Express server running","service":"user-service","timestamp":"2025-05-03T12:52:20.933Z"}
{"level":"error","message":"Error buscando en MongoDB","service":"user-service","timestamp":"2025-05-03T12:52:25.552Z"}
{"level":"info","message":"Express server running","service":"user-service","timestamp":"2025-05-03T12:53:09.368Z"}
{"level":"info","message":"Express server running","service":"user-service","timestamp":"2025-05-03T12:53:48.016Z"}
{"level":"info","message":"Express server running","service":"user-service","timestamp":"2025-05-03T12:58:21.711Z"}
{"level":"info","message":"Express server running","service":"user-service","timestamp":"2025-05-03T13:01:18.761Z"}
{"level":"info","message":"Express server running","service":"user-service","timestamp":"2025-05-03T13:20:52.646Z"}
{"level":"info","message":"Express server running","service":"user-service","timestamp":"2025-05-03T13:23:58.194Z"}
{"level":"info","message":"Express server running","service":"user-service","timestamp":"2025-05-03T13:24:31.820Z"}
{"level":"info","message":"Express server running","service":"user-service","timestamp":"2025-05-03T13:29:05.568Z"}
{"level":"error","message":"Handler no encontrado para operationId: predictPOST","service":"user-service","timestamp":"2025-05-03T13:29:10.360Z"}
{"level":"info","message":"Express server running","service":"user-service","timestamp":"2025-05-03T13:34:32.457Z"}
{"level":"info","message":"Express server running","service":"user-service","timestamp":"2025-05-03T13:39:16.656Z"}
{"level":"info","message":"Express server running","service":"user-service","timestamp":"2025-05-03T13:40:26.030Z"}
{"level":"info","message":"Express server running","service":"user-service","timestamp":"2025-05-03T18:00:04.001Z"}
{"level":"info","message":"Express server running","service":"user-service","timestamp":"2025-05-03T18:03:11.833Z"}
{"level":"info","message":"Express server running","service":"user-service","timestamp":"2025-05-03T18:06:20.397Z"}
{"level":"info","message":"Express server running","service":"user-service","timestamp":"2025-05-03T18:07:09.489Z"}
{"level":"info","message":"Express server running","service":"user-service","timestamp":"2025-05-03T18:07:33.979Z"}
{"level":"info","message":"Express server running","service":"user-service","timestamp":"2025-05-03T18:14:26.247Z"}
{"level":"info","message":"Express server running","service":"user-service","timestamp":"2025-05-03T18:16:44.655Z"}
{"level":"info","message":"Express server running","service":"user-service","timestamp":"2025-05-04T16:03:58.759Z"}
{"level":"info","message":"Express server running","service":"user-service","timestamp":"2025-05-04T16:05:57.735Z"}
{"level":"info","message":"Express server running","service":"user-service","timestamp":"2025-05-04T16:14:16.330Z"}
{"level":"info","message":"Express server running","service":"user-service","timestamp":"2025-05-04T16:16:51.490Z"}
{"level":"info","message":"Express server running","service":"user-service","timestamp":"2025-05-04T16:19:12.439Z"}
{"level":"info","message":"Express server running","service":"user-service","timestamp":"2025-05-04T16:22:04.528Z"}
{"level":"info","message":"Express server running","service":"user-service","timestamp":"2025-05-04T16:25:38.278Z"}
{"level":"info","message":"Express server running","service":"user-service","timestamp":"2025-05-04T16:34:24.823Z"}
{"level":"info","message":"Express server running","service":"user-service","timestamp":"2025-05-04T16:41:48.764Z"}
{"level":"info","message":"Express server running","service":"user-service","timestamp":"2025-05-04T16:44:47.539Z"}
{"level":"info","message":"Express server running","service":"user-service","timestamp":"2025-05-04T16:48:27.417Z"}
{"level":"info","message":"Express server running","service":"user-service","timestamp":"2025-05-04T16:52:38.374Z"}
{"level":"error","message":"Error procesando la solicitud o buscando la mejor respuesta","service":"user-service","timestamp":"2025-05-04T16:52:41.938Z"}
{"level":"info","message":"Express server running","service":"user-service","timestamp":"2025-05-04T16:54:06.770Z"}
{"level":"info","message":"Express server running","service":"user-service","timestamp":"2025-05-04T17:09:30.793Z"}
{"level":"info","message":"Express server running","service":"user-service","timestamp":"2025-05-04T17:11:49.681Z"}
{"level":"info","message":"Express server running","service":"user-service","timestamp":"2025-05-04T17:17:36.918Z"}
{"level":"info","message":"Express server running","service":"user-service","timestamp":"2025-05-04T17:25:59.038Z"}
{"level":"error","message":"Error guardando log o evaluando Score","service":"user-service","timestamp":"2025-05-04T17:26:04.168Z"}
{"level":"info","message":"Express server running","service":"user-service","timestamp":"2025-05-04T17:26:14.483Z"}
{"level":"error","message":"Error guardando log o evaluando Score","service":"user-service","timestamp":"2025-05-04T17:27:50.123Z"}
{"level":"info","message":"Express server running","service":"user-service","timestamp":"2025-05-04T17:43:13.687Z"}
{"level":"info","message":"Express server running","service":"user-service","timestamp":"2025-05-04T17:46:31.169Z"}
{"level":"info","message":"Express server running","service":"user-service","timestamp":"2025-05-04T17:48:42.830Z"}
{"level":"info","message":"Express server running","service":"user-service","timestamp":"2025-05-04T18:01:09.543Z"}
{"level":"info","message":"Express server running","service":"user-service","timestamp":"2025-05-04T18:06:24.255Z"}
{"level":"info","message":"Express server running","service":"user-service","timestamp":"2025-05-04T18:07:28.973Z"}
{"level":"info","message":"Express server running","service":"user-service","timestamp":"2025-05-04T18:08:15.195Z"}
{"level":"info","message":"Express server running","service":"user-service","timestamp":"2025-05-04T18:12:27.354Z"}
{"level":"info","message":"Express server running","service":"user-service","timestamp":"2025-05-04T18:14:05.348Z"}
{"level":"info","message":"Express server running","service":"user-service","timestamp":"2025-05-04T18:16:51.496Z"}
{"level":"info","message":"Express server running","service":"user-service","timestamp":"2025-05-04T18:50:31.563Z"}
{"level":"info","message":"Express server running","service":"user-service","timestamp":"2025-05-04T18:55:30.342Z"}
{"level":"info","message":"Express server running","service":"user-service","timestamp":"2025-05-04T19:00:05.457Z"}
{"level":"info","message":"Express server running","service":"user-service","timestamp":"2025-05-04T19:02:28.922Z"}
{"level":"info","message":"Express server running","service":"user-service","timestamp":"2025-05-04T19:04:17.829Z"}
{"level":"info","message":"Express server running","service":"user-service","timestamp":"2025-05-04T19:06:53.095Z"}
{"level":"info","message":"Express server running","service":"user-service","timestamp":"2025-05-04T19:07:18.794Z"}
{"level":"info","message":"Express server running","service":"user-service","timestamp":"2025-05-04T19:07:32.304Z"}
{"level":"error","message":"Error al consultar la caché en predict: Log is not defined","service":"user-service","stack":"ReferenceError: Log is not defined\n    at Object.predict (C:\\Users\\cmora\\Desktop\\TFG\\ESTE_ES_EL_TFG\\API_REST\\metabolite-separation-api\\services\\PredictService.js:62:23)\n    at predictPOST (C:\\Users\\cmora\\Desktop\\TFG\\ESTE_ES_EL_TFG\\API_REST\\metabolite-separation-api\\controllers\\DefaultController.js:181:24)\n    at Layer.handle [as handle_request] (C:\\Users\\cmora\\Desktop\\TFG\\ESTE_ES_EL_TFG\\API_REST\\metabolite-separation-api\\node_modules\\express\\lib\\router\\layer.js:95:5)\n    at next (C:\\Users\\cmora\\Desktop\\TFG\\ESTE_ES_EL_TFG\\API_REST\\metabolite-separation-api\\node_modules\\express\\lib\\router\\route.js:149:13)\n    at Route.dispatch (C:\\Users\\cmora\\Desktop\\TFG\\ESTE_ES_EL_TFG\\API_REST\\metabolite-separation-api\\node_modules\\express\\lib\\router\\route.js:119:3)\n    at Layer.handle [as handle_request] (C:\\Users\\cmora\\Desktop\\TFG\\ESTE_ES_EL_TFG\\API_REST\\metabolite-separation-api\\node_modules\\express\\lib\\router\\layer.js:95:5)\n    at C:\\Users\\cmora\\Desktop\\TFG\\ESTE_ES_EL_TFG\\API_REST\\metabolite-separation-api\\node_modules\\express\\lib\\router\\index.js:284:15\n    at Function.process_params (C:\\Users\\cmora\\Desktop\\TFG\\ESTE_ES_EL_TFG\\API_REST\\metabolite-separation-api\\node_modules\\express\\lib\\router\\index.js:346:12)\n    at next (C:\\Users\\cmora\\Desktop\\TFG\\ESTE_ES_EL_TFG\\API_REST\\metabolite-separation-api\\node_modules\\express\\lib\\router\\index.js:280:10)\n    at Function.handle (C:\\Users\\cmora\\Desktop\\TFG\\ESTE_ES_EL_TFG\\API_REST\\metabolite-separation-api\\node_modules\\express\\lib\\router\\index.js:175:3)","timestamp":"2025-05-04T19:07:35.526Z"}
{"level":"error","message":"Error guardando en la caché: Log is not defined","service":"user-service","stack":"ReferenceError: Log is not defined\n    at Immediate._onImmediate (C:\\Users\\cmora\\Desktop\\TFG\\ESTE_ES_EL_TFG\\API_REST\\metabolite-separation-api\\services\\PredictService.js:115:13)\n    at process.processImmediate (node:internal/timers:483:21)","timestamp":"2025-05-04T19:07:45.083Z"}
{"level":"info","message":"Express server running","service":"user-service","timestamp":"2025-05-04T19:09:47.417Z"}
{"level":"error","message":"Error al consultar la caché en predict: Log is not defined","service":"user-service","stack":"ReferenceError: Log is not defined\n    at Object.predict (C:\\Users\\cmora\\Desktop\\TFG\\ESTE_ES_EL_TFG\\API_REST\\metabolite-separation-api\\services\\PredictService.js:62:23)\n    at predictPOST (C:\\Users\\cmora\\Desktop\\TFG\\ESTE_ES_EL_TFG\\API_REST\\metabolite-separation-api\\controllers\\DefaultController.js:181:24)\n    at Layer.handle [as handle_request] (C:\\Users\\cmora\\Desktop\\TFG\\ESTE_ES_EL_TFG\\API_REST\\metabolite-separation-api\\node_modules\\express\\lib\\router\\layer.js:95:5)\n    at next (C:\\Users\\cmora\\Desktop\\TFG\\ESTE_ES_EL_TFG\\API_REST\\metabolite-separation-api\\node_modules\\express\\lib\\router\\route.js:149:13)\n    at Route.dispatch (C:\\Users\\cmora\\Desktop\\TFG\\ESTE_ES_EL_TFG\\API_REST\\metabolite-separation-api\\node_modules\\express\\lib\\router\\route.js:119:3)\n    at Layer.handle [as handle_request] (C:\\Users\\cmora\\Desktop\\TFG\\ESTE_ES_EL_TFG\\API_REST\\metabolite-separation-api\\node_modules\\express\\lib\\router\\layer.js:95:5)\n    at C:\\Users\\cmora\\Desktop\\TFG\\ESTE_ES_EL_TFG\\API_REST\\metabolite-separation-api\\node_modules\\express\\lib\\router\\index.js:284:15\n    at Function.process_params (C:\\Users\\cmora\\Desktop\\TFG\\ESTE_ES_EL_TFG\\API_REST\\metabolite-separation-api\\node_modules\\express\\lib\\router\\index.js:346:12)\n    at next (C:\\Users\\cmora\\Desktop\\TFG\\ESTE_ES_EL_TFG\\API_REST\\metabolite-separation-api\\node_modules\\express\\lib\\router\\index.js:280:10)\n    at Function.handle (C:\\Users\\cmora\\Desktop\\TFG\\ESTE_ES_EL_TFG\\API_REST\\metabolite-separation-api\\node_modules\\express\\lib\\router\\index.js:175:3)","timestamp":"2025-05-04T19:09:50.190Z"}
{"level":"error","message":"Error guardando en la caché: Log is not defined","service":"user-service","stack":"ReferenceError: Log is not defined\n    at Immediate._onImmediate (C:\\Users\\cmora\\Desktop\\TFG\\ESTE_ES_EL_TFG\\API_REST\\metabolite-separation-api\\services\\PredictService.js:115:13)\n    at process.processImmediate (node:internal/timers:483:21)","timestamp":"2025-05-04T19:10:00.092Z"}
{"level":"info","message":"Express server running","service":"user-service","timestamp":"2025-05-04T19:10:40.458Z"}
{"level":"info","message":"Express server running","service":"user-service","timestamp":"2025-05-04T19:16:44.352Z"}
{"level":"info","message":"Express server running","service":"user-service","timestamp":"2025-05-04T19:19:08.793Z"}
{"level":"info","message":"Express server running","service":"user-service","timestamp":"2025-05-04T19:19:50.176Z"}
{"level":"info","message":"Express server running","service":"user-service","timestamp":"2025-05-04T19:25:40.999Z"}
{"level":"info","message":"Express server running","service":"user-service","timestamp":"2025-05-04T19:26:28.538Z"}
{"level":"info","message":"Express server running","service":"user-service","timestamp":"2025-05-04T19:27:28.183Z"}
